<!DOCTYPE html PUBLIC "-//W3C//DTD XHTML 1.1//EN" "https://www.w3.org/TR/xhtml11/DTD/xhtml11.dtd">
<html xmlns="https://www.w3.org/1999/xhtml">
<head>
<meta http-equiv="content-type" content="text/html; charset=UTF-8"/>
<title>TestNG Report</title>
<style type="text/css">table {margin-bottom:10px;border-collapse:collapse;empty-cells:show}th,td {border:1px solid #009;padding:.25em .5em}th {vertical-align:bottom}td {vertical-align:top}table a {font-weight:bold}.stripe td {background-color: #E6EBF9}.num {text-align:right}.passedodd td {background-color: #3F3}.passedeven td {background-color: #0A0}.skippedodd td {background-color: #DDD}.skippedeven td {background-color: #CCC}.failedodd td,.attn {background-color: #F33}.failedeven td,.stripe .attn {background-color: #D00}.stacktrace {white-space:pre;font-family:monospace}.totop {font-size:85%;text-align:center;border-bottom:2px solid #000}.invisible {display:none}</style>
</head>
<body>
<table>
<tr><th>Test</th><th># Passed</th><th># Skipped</th><th># Retried</th><th># Failed</th><th>Time (ms)</th><th>Included Groups</th><th>Excluded Groups</th></tr>
<tr><th colspan="8">SRA auto</th></tr>
<tr><td><a href="#t0">Nopackage1</a></td><td class="num">4</td><td class="num">0</td><td class="num">0</td><td class="num">0</td><td class="num">133,039</td><td></td><td></td></tr>
<tr class="stripe"><td><a href="#t1">regression1</a></td><td class="num">2</td><td class="num">0</td><td class="num">0</td><td class="num attn">1</td><td class="num">91,493</td><td></td><td></td></tr>
<tr><td><a href="#t2">regression2</a></td><td class="num">4</td><td class="num">0</td><td class="num">0</td><td class="num">0</td><td class="num">114,085</td><td></td><td></td></tr>
<tr class="stripe"><td><a href="#t3">Nopackage</a></td><td class="num">7</td><td class="num">0</td><td class="num">0</td><td class="num attn">1</td><td class="num">131,694</td><td></td><td></td></tr>
<tr><td><a href="#t4">Nopackage2</a></td><td class="num">6</td><td class="num">0</td><td class="num">0</td><td class="num attn">2</td><td class="num">231,270</td><td></td><td></td></tr>
<tr><th>Total</th><th class="num">23</th><th class="num">0</th><th class="num">0</th><th class="num attn">4</th><th class="num">701,581</th><th colspan="2"></th></tr>
</table>
<table id='summary'><thead><tr><th>Class</th><th>Method</th><th>Start</th><th>Time (ms)</th></tr></thead><tbody><tr><th colspan="4">SRA auto</th></tr></tbody><tbody id="t0"><tr><th colspan="4">Nopackage1 &#8212; passed</th></tr><tr class="passedeven"><td rowspan="4">com.sra.qa.Testcases.Ocrfileuploads</td><td><a href="#m0">invoiceupload</a></td><td rowspan="1">1626094155985</td><td rowspan="1">85431</td></tr><tr class="passedeven"><td><a href="#m1">login</a></td><td rowspan="1">1626094139695</td><td rowspan="1">15509</td></tr><tr class="passedeven"><td><a href="#m2">questionraising</a></td><td rowspan="1">1626094241823</td><td rowspan="1">24342</td></tr><tr class="passedeven"><td><a href="#m3">selectcompany</a></td><td rowspan="1">1626094155600</td><td rowspan="1">111</td></tr></tbody>
<tbody id="t1"><tr><th colspan="4">regression1 &#8212; failed</th></tr><tr class="failedeven"><td rowspan="1">com.sra.qa.Testcases.Accountantansflow</td><td><a href="#m4">answerflow</a></td><td rowspan="1">1626094330831</td><td rowspan="1">27905</td></tr><tr><th colspan="4">regression1 &#8212; passed</th></tr><tr class="passedeven"><td rowspan="2">com.sra.qa.Testcases.Accountantansflow</td><td><a href="#m5">delegateaccountant</a></td><td rowspan="1">1626094292941</td><td rowspan="1">37512</td></tr><tr class="passedeven"><td><a href="#m6">login</a></td><td rowspan="1">1626094272048</td><td rowspan="1">20576</td></tr></tbody>
<tbody id="t2"><tr><th colspan="4">regression2 &#8212; passed</th></tr><tr class="passedeven"><td rowspan="4">com.sra.qa.Testcases.OCRfieldchecking</td><td><a href="#m7">invoiceupload</a></td><td rowspan="1">1626094380821</td><td rowspan="1">78374</td></tr><tr class="passedeven"><td><a href="#m8">login</a></td><td rowspan="1">1626094364218</td><td rowspan="1">15974</td></tr><tr class="passedeven"><td><a href="#m9">nextinvoice</a></td><td rowspan="1">1626094459590</td><td rowspan="1">14103</td></tr><tr class="passedeven"><td><a href="#m10">selectadmin</a></td><td rowspan="1">1626094380442</td><td rowspan="1">57</td></tr></tbody>
<tbody id="t3"><tr><th colspan="4">Nopackage &#8212; failed</th></tr><tr class="failedeven"><td rowspan="1">com.sra.qa.Testcases.cockPitTest</td><td><a href="#m11">inwatchinginvoice</a></td><td rowspan="1">1626094561285</td><td rowspan="1">25704</td></tr><tr><th colspan="4">Nopackage &#8212; passed</th></tr><tr class="passedeven"><td rowspan="7">com.sra.qa.Testcases.cockPitTest</td><td><a href="#m12">adhoctest</a></td><td rowspan="1">1626094534512</td><td rowspan="1">7553</td></tr><tr class="passedeven"><td><a href="#m13">bankimport</a></td><td rowspan="1">1626094542363</td><td rowspan="1">3210</td></tr><tr class="passedeven"><td><a href="#m14">deleteinvoice</a></td><td rowspan="1">1626094587350</td><td rowspan="1">18134</td></tr><tr class="passedeven"><td><a href="#m15">login</a></td><td rowspan="1">1626094477985</td><td rowspan="1">19656</td></tr><tr class="passedeven"><td><a href="#m16">search</a></td><td rowspan="1">1626094524190</td><td rowspan="1">10019</td></tr><tr class="passedeven"><td><a href="#m17">selectcompany</a></td><td rowspan="1">1626094497986</td><td rowspan="1">25724</td></tr><tr class="passedeven"><td><a href="#m18">transactionstab</a></td><td rowspan="1">1626094545890</td><td rowspan="1">15051</td></tr></tbody>
<tbody id="t4"><tr><th colspan="4">Nopackage2 &#8212; failed</th></tr><tr class="failedeven"><td rowspan="2">com.sra.qa.Testcases.processedInvoiceTrans</td><td><a href="#m19">deletedInvoice</a></td><td rowspan="1">1626094816778</td><td rowspan="1">20100</td></tr><tr class="failedeven"><td><a href="#m20">editTransaction</a></td><td rowspan="1">1626094788009</td><td rowspan="1">20950</td></tr><tr><th colspan="4">Nopackage2 &#8212; passed</th></tr><tr class="passedeven"><td rowspan="6">com.sra.qa.Testcases.processedInvoiceTrans</td><td><a href="#m21">cocKpitcount</a></td><td rowspan="1">1626094809494</td><td rowspan="1">6948</td></tr><tr class="passedeven"><td><a href="#m22">invoiceupload</a></td><td rowspan="1">1626094642664</td><td rowspan="1">81979</td></tr><tr class="passedeven"><td><a href="#m23">login</a></td><td rowspan="1">1626094609563</td><td rowspan="1">18118</td></tr><tr class="passedeven"><td><a href="#m24">questionraising</a></td><td rowspan="1">1626094725075</td><td rowspan="1">37405</td></tr><tr class="passedeven"><td><a href="#m25">selectcompany</a></td><td rowspan="1">1626094627962</td><td rowspan="1">11647</td></tr><tr class="passedeven"><td><a href="#m26">transactions</a></td><td rowspan="1">1626094762863</td><td rowspan="1">24603</td></tr></tbody>
</table>
<h2>Nopackage1</h2><h3 id="m0">com.sra.qa.Testcases.Ocrfileuploads#invoiceupload</h3><table class="result"><tr><th class="invisible"/></tr></table><p class="totop"><a href="#summary">back to summary</a></p>
<h3 id="m1">com.sra.qa.Testcases.Ocrfileuploads#login</h3><table class="result"><tr><th class="invisible"/></tr></table><p class="totop"><a href="#summary">back to summary</a></p>
<h3 id="m2">com.sra.qa.Testcases.Ocrfileuploads#questionraising</h3><table class="result"><tr><th class="invisible"/></tr></table><p class="totop"><a href="#summary">back to summary</a></p>
<h3 id="m3">com.sra.qa.Testcases.Ocrfileuploads#selectcompany</h3><table class="result"><tr><th class="invisible"/></tr></table><p class="totop"><a href="#summary">back to summary</a></p>
<h2>regression1</h2><h3 id="m4">com.sra.qa.Testcases.Accountantansflow#answerflow</h3><table class="result"><tr><th>Exception</th></tr><tr><td><div class="stacktrace">java.lang.IndexOutOfBoundsException: Index: 0, Size: 0
	at java.util.ArrayList.rangeCheck(Unknown Source)
	at java.util.ArrayList.get(Unknown Source)
	at com.sra.qa.Testcases.Accountantansflow.answerflow(Accountantansflow.java:147)
	at java.util.ArrayList.forEach(Unknown Source)
... Removed 27 stack frames</div></td></tr></table><p class="totop"><a href="#summary">back to summary</a></p>
<h3 id="m5">com.sra.qa.Testcases.Accountantansflow#delegateaccountant</h3><table class="result"><tr><th class="invisible"/></tr></table><p class="totop"><a href="#summary">back to summary</a></p>
<h3 id="m6">com.sra.qa.Testcases.Accountantansflow#login</h3><table class="result"><tr><th class="invisible"/></tr></table><p class="totop"><a href="#summary">back to summary</a></p>
<h2>regression2</h2><h3 id="m7">com.sra.qa.Testcases.OCRfieldchecking#invoiceupload</h3><table class="result"><tr><th class="invisible"/></tr></table><p class="totop"><a href="#summary">back to summary</a></p>
<h3 id="m8">com.sra.qa.Testcases.OCRfieldchecking#login</h3><table class="result"><tr><th class="invisible"/></tr></table><p class="totop"><a href="#summary">back to summary</a></p>
<h3 id="m9">com.sra.qa.Testcases.OCRfieldchecking#nextinvoice</h3><table class="result"><tr><th class="invisible"/></tr></table><p class="totop"><a href="#summary">back to summary</a></p>
<h3 id="m10">com.sra.qa.Testcases.OCRfieldchecking#selectadmin</h3><table class="result"><tr><th class="invisible"/></tr></table><p class="totop"><a href="#summary">back to summary</a></p>
<h2>Nopackage</h2><h3 id="m11">com.sra.qa.Testcases.cockPitTest#inwatchinginvoice</h3><table class="result"><tr><th>Exception</th></tr><tr><td><div class="stacktrace">org.openqa.selenium.TimeoutException: timeout: Timed out receiving message from renderer: 20.000
  (Session info: chrome=91.0.4472.124)
Build info: version: &apos;3.141.59&apos;, revision: &apos;e82be7d358&apos;, time: &apos;2018-11-14T08:25:48&apos;
System info: host: &apos;SARAN&apos;, ip: &apos;192.168.0.102&apos;, os.name: &apos;Windows 10&apos;, os.arch: &apos;amd64&apos;, os.version: &apos;10.0&apos;, java.version: &apos;1.8.0_281&apos;
Driver info: org.openqa.selenium.chrome.ChromeDriver
Capabilities {acceptInsecureCerts: false, browserName: chrome, browserVersion: 91.0.4472.124, chrome: {chromedriverVersion: 90.0.4430.24 (4c6d850f087da..., userDataDir: C:\Users\PRASANT\AppData\Lo...}, goog:chromeOptions: {debuggerAddress: localhost:60988}, javascriptEnabled: true, networkConnectionEnabled: false, pageLoadStrategy: normal, platform: WINDOWS, platformName: WINDOWS, proxy: Proxy(), setWindowRect: true, strictFileInteractability: false, timeouts: {implicit: 0, pageLoad: 300000, script: 30000}, unhandledPromptBehavior: dismiss and notify, webauthn:extension:largeBlob: true, webauthn:virtualAuthenticators: true}
Session ID: 07b12ad11b8adb6200b3107356930bdd
	at org.openqa.selenium.remote.http.W3CHttpResponseCodec.createException(W3CHttpResponseCodec.java:187)
	at org.openqa.selenium.remote.http.W3CHttpResponseCodec.decode(W3CHttpResponseCodec.java:122)
	at org.openqa.selenium.remote.http.W3CHttpResponseCodec.decode(W3CHttpResponseCodec.java:49)
	at org.openqa.selenium.remote.HttpCommandExecutor.execute(HttpCommandExecutor.java:158)
	at org.openqa.selenium.remote.service.DriverCommandExecutor.execute(DriverCommandExecutor.java:83)
	at org.openqa.selenium.remote.RemoteWebDriver.execute(RemoteWebDriver.java:552)
	at org.openqa.selenium.remote.RemoteWebElement.execute(RemoteWebElement.java:285)
	at org.openqa.selenium.remote.RemoteWebElement.click(RemoteWebElement.java:84)
	at org.openqa.selenium.support.events.EventFiringWebDriver$EventFiringWebElement.lambda$new$0(EventFiringWebDriver.java:404)
	at com.sun.proxy.$Proxy14.click(Unknown Source)
	at org.openqa.selenium.support.events.EventFiringWebDriver$EventFiringWebElement.click(EventFiringWebDriver.java:417)
	at org.openqa.selenium.support.pagefactory.internal.LocatingElementHandler.invoke(LocatingElementHandler.java:51)
	at com.sun.proxy.$Proxy12.click(Unknown Source)
	at com.sra.qa.TC.cockPit.inwatchinginvoice(cockPit.java:90)
	at com.sra.qa.Testcases.cockPitTest.inwatchinginvoice(cockPitTest.java:146)
	at java.util.ArrayList.forEach(Unknown Source)
... Removed 37 stack frames</div></td></tr></table><p class="totop"><a href="#summary">back to summary</a></p>
<h3 id="m12">com.sra.qa.Testcases.cockPitTest#adhoctest</h3><table class="result"><tr><th class="invisible"/></tr></table><p class="totop"><a href="#summary">back to summary</a></p>
<h3 id="m13">com.sra.qa.Testcases.cockPitTest#bankimport</h3><table class="result"><tr><th class="invisible"/></tr></table><p class="totop"><a href="#summary">back to summary</a></p>
<h3 id="m14">com.sra.qa.Testcases.cockPitTest#deleteinvoice</h3><table class="result"><tr><th class="invisible"/></tr></table><p class="totop"><a href="#summary">back to summary</a></p>
<h3 id="m15">com.sra.qa.Testcases.cockPitTest#login</h3><table class="result"><tr><th class="invisible"/></tr></table><p class="totop"><a href="#summary">back to summary</a></p>
<h3 id="m16">com.sra.qa.Testcases.cockPitTest#search</h3><table class="result"><tr class="param"><th>Parameter #1</th><th>Parameter #2</th><th>Parameter #3</th><th>Parameter #4</th><th>Parameter #5</th></tr><tr class="param stripe"><td>Aciric B.V.</td><td>Royal</td><td>20-06-2020</td><td>06-Jan-2021</td><td>Leverancier</td></tr></table><p class="totop"><a href="#summary">back to summary</a></p>
<h3 id="m17">com.sra.qa.Testcases.cockPitTest#selectcompany</h3><table class="result"><tr><th class="invisible"/></tr></table><p class="totop"><a href="#summary">back to summary</a></p>
<h3 id="m18">com.sra.qa.Testcases.cockPitTest#transactionstab</h3><table class="result"><tr><th class="invisible"/></tr></table><p class="totop"><a href="#summary">back to summary</a></p>
<h2>Nopackage2</h2><h3 id="m19">com.sra.qa.Testcases.processedInvoiceTrans#deletedInvoice</h3><table class="result"><tr><th>Exception</th></tr><tr><td><div class="stacktrace">org.openqa.selenium.TimeoutException: timeout: Timed out receiving message from renderer: 20.000
  (Session info: chrome=91.0.4472.124)
Build info: version: &apos;3.141.59&apos;, revision: &apos;e82be7d358&apos;, time: &apos;2018-11-14T08:25:48&apos;
System info: host: &apos;SARAN&apos;, ip: &apos;192.168.0.102&apos;, os.name: &apos;Windows 10&apos;, os.arch: &apos;amd64&apos;, os.version: &apos;10.0&apos;, java.version: &apos;1.8.0_281&apos;
Driver info: org.openqa.selenium.chrome.ChromeDriver
Capabilities {acceptInsecureCerts: false, browserName: chrome, browserVersion: 91.0.4472.124, chrome: {chromedriverVersion: 90.0.4430.24 (4c6d850f087da..., userDataDir: C:\Users\PRASANT\AppData\Lo...}, goog:chromeOptions: {debuggerAddress: localhost:65051}, javascriptEnabled: true, networkConnectionEnabled: false, pageLoadStrategy: normal, platform: WINDOWS, platformName: WINDOWS, proxy: Proxy(), setWindowRect: true, strictFileInteractability: false, timeouts: {implicit: 0, pageLoad: 300000, script: 30000}, unhandledPromptBehavior: dismiss and notify, webauthn:extension:largeBlob: true, webauthn:virtualAuthenticators: true}
Session ID: 087d8d9da5e17424413b59639030bdaf
	at org.openqa.selenium.remote.http.W3CHttpResponseCodec.createException(W3CHttpResponseCodec.java:187)
	at org.openqa.selenium.remote.http.W3CHttpResponseCodec.decode(W3CHttpResponseCodec.java:122)
	at org.openqa.selenium.remote.http.W3CHttpResponseCodec.decode(W3CHttpResponseCodec.java:49)
	at org.openqa.selenium.remote.HttpCommandExecutor.execute(HttpCommandExecutor.java:158)
	at org.openqa.selenium.remote.service.DriverCommandExecutor.execute(DriverCommandExecutor.java:83)
	at org.openqa.selenium.remote.RemoteWebDriver.execute(RemoteWebDriver.java:552)
	at org.openqa.selenium.remote.RemoteWebDriver$RemoteTargetLocator.frame(RemoteWebDriver.java:892)
	at org.openqa.selenium.remote.RemoteWebDriver$RemoteTargetLocator.frame(RemoteWebDriver.java:887)
	at org.openqa.selenium.support.events.EventFiringWebDriver$EventFiringTargetLocator.frame(EventFiringWebDriver.java:702)
	at com.sra.qa.Testcases.processedInvoiceTrans.deletedInvoice(processedInvoiceTrans.java:372)
	at java.util.ArrayList.forEach(Unknown Source)
... Removed 31 stack frames</div></td></tr></table><p class="totop"><a href="#summary">back to summary</a></p>
<h3 id="m20">com.sra.qa.Testcases.processedInvoiceTrans#editTransaction</h3><table class="result"><tr><th>Exception</th></tr><tr><td><div class="stacktrace">org.openqa.selenium.TimeoutException: timeout: Timed out receiving message from renderer: 20.000
  (Session info: chrome=91.0.4472.124)
Build info: version: &apos;3.141.59&apos;, revision: &apos;e82be7d358&apos;, time: &apos;2018-11-14T08:25:48&apos;
System info: host: &apos;SARAN&apos;, ip: &apos;192.168.0.102&apos;, os.name: &apos;Windows 10&apos;, os.arch: &apos;amd64&apos;, os.version: &apos;10.0&apos;, java.version: &apos;1.8.0_281&apos;
Driver info: org.openqa.selenium.chrome.ChromeDriver
Capabilities {acceptInsecureCerts: false, browserName: chrome, browserVersion: 91.0.4472.124, chrome: {chromedriverVersion: 90.0.4430.24 (4c6d850f087da..., userDataDir: C:\Users\PRASANT\AppData\Lo...}, goog:chromeOptions: {debuggerAddress: localhost:65051}, javascriptEnabled: true, networkConnectionEnabled: false, pageLoadStrategy: normal, platform: WINDOWS, platformName: WINDOWS, proxy: Proxy(), setWindowRect: true, strictFileInteractability: false, timeouts: {implicit: 0, pageLoad: 300000, script: 30000}, unhandledPromptBehavior: dismiss and notify, webauthn:extension:largeBlob: true, webauthn:virtualAuthenticators: true}
Session ID: 087d8d9da5e17424413b59639030bdaf
	at org.openqa.selenium.remote.http.W3CHttpResponseCodec.createException(W3CHttpResponseCodec.java:187)
	at org.openqa.selenium.remote.http.W3CHttpResponseCodec.decode(W3CHttpResponseCodec.java:122)
	at org.openqa.selenium.remote.http.W3CHttpResponseCodec.decode(W3CHttpResponseCodec.java:49)
	at org.openqa.selenium.remote.HttpCommandExecutor.execute(HttpCommandExecutor.java:158)
	at org.openqa.selenium.remote.service.DriverCommandExecutor.execute(DriverCommandExecutor.java:83)
	at org.openqa.selenium.remote.RemoteWebDriver.execute(RemoteWebDriver.java:552)
	at org.openqa.selenium.remote.RemoteWebElement.execute(RemoteWebElement.java:285)
	at org.openqa.selenium.remote.RemoteWebElement.click(RemoteWebElement.java:84)
	at org.openqa.selenium.support.events.EventFiringWebDriver$EventFiringWebElement.lambda$new$0(EventFiringWebDriver.java:404)
	at com.sun.proxy.$Proxy14.click(Unknown Source)
	at org.openqa.selenium.support.events.EventFiringWebDriver$EventFiringWebElement.click(EventFiringWebDriver.java:417)
	at com.sra.qa.Testcases.processedInvoiceTrans.editTransaction(processedInvoiceTrans.java:324)
	at java.util.ArrayList.forEach(Unknown Source)
... Removed 34 stack frames</div></td></tr></table><p class="totop"><a href="#summary">back to summary</a></p>
<h3 id="m21">com.sra.qa.Testcases.processedInvoiceTrans#cocKpitcount</h3><table class="result"><tr><th class="invisible"/></tr></table><p class="totop"><a href="#summary">back to summary</a></p>
<h3 id="m22">com.sra.qa.Testcases.processedInvoiceTrans#invoiceupload</h3><table class="result"><tr><th class="invisible"/></tr></table><p class="totop"><a href="#summary">back to summary</a></p>
<h3 id="m23">com.sra.qa.Testcases.processedInvoiceTrans#login</h3><table class="result"><tr><th class="invisible"/></tr></table><p class="totop"><a href="#summary">back to summary</a></p>
<h3 id="m24">com.sra.qa.Testcases.processedInvoiceTrans#questionraising</h3><table class="result"><tr><th class="invisible"/></tr></table><p class="totop"><a href="#summary">back to summary</a></p>
<h3 id="m25">com.sra.qa.Testcases.processedInvoiceTrans#selectcompany</h3><table class="result"><tr><th class="invisible"/></tr></table><p class="totop"><a href="#summary">back to summary</a></p>
<h3 id="m26">com.sra.qa.Testcases.processedInvoiceTrans#transactions</h3><table class="result"><tr><th class="invisible"/></tr></table><p class="totop"><a href="#summary">back to summary</a></p>
</body>
</html>
