<?xml version="1.0" encoding="UTF-8"?>
<testng-results skipped="0" failed="4" ignored="0" total="27" passed="23">
  <reporter-output>
  </reporter-output>
  <suite name="SRA auto" duration-ms="702620" started-at="2021-07-12T18:18:54 IST" finished-at="2021-07-12T18:30:37 IST">
    <groups>
    </groups>
    <test name="Nopackage1" duration-ms="133039" started-at="2021-07-12T18:18:54 IST" finished-at="2021-07-12T18:21:07 IST">
      <class name="com.sra.qa.Testcases.Ocrfileuploads">
        <test-method status="PASS" signature="setup()[pri:0, instance:com.sra.qa.Testcases.Ocrfileuploads@3b2c72c2]" name="setup" is-config="true" duration-ms="4910" started-at="2021-07-12T18:18:54 IST" finished-at="2021-07-12T18:18:59 IST">
          <reporter-output>
          </reporter-output>
        </test-method> <!-- setup -->
        <test-method status="PASS" signature="login()[pri:1, instance:com.sra.qa.Testcases.Ocrfileuploads@3b2c72c2]" name="login" duration-ms="15509" started-at="2021-07-12T18:18:59 IST" finished-at="2021-07-12T18:19:15 IST">
          <reporter-output>
          </reporter-output>
        </test-method> <!-- login -->
        <test-method status="PASS" signature="selectcompany()[pri:2, instance:com.sra.qa.Testcases.Ocrfileuploads@3b2c72c2]" name="selectcompany" duration-ms="111" started-at="2021-07-12T18:19:15 IST" finished-at="2021-07-12T18:19:15 IST">
          <reporter-output>
          </reporter-output>
        </test-method> <!-- selectcompany -->
        <test-method status="PASS" signature="invoiceupload()[pri:3, instance:com.sra.qa.Testcases.Ocrfileuploads@3b2c72c2]" name="invoiceupload" duration-ms="85431" started-at="2021-07-12T18:19:15 IST" finished-at="2021-07-12T18:20:41 IST">
          <reporter-output>
          </reporter-output>
        </test-method> <!-- invoiceupload -->
        <test-method status="PASS" signature="questionraising()[pri:4, instance:com.sra.qa.Testcases.Ocrfileuploads@3b2c72c2]" name="questionraising" duration-ms="24342" started-at="2021-07-12T18:20:41 IST" finished-at="2021-07-12T18:21:06 IST">
          <reporter-output>
          </reporter-output>
        </test-method> <!-- questionraising -->
        <test-method status="PASS" signature="teardown()[pri:0, instance:com.sra.qa.Testcases.Ocrfileuploads@3b2c72c2]" name="teardown" is-config="true" duration-ms="741" started-at="2021-07-12T18:21:07 IST" finished-at="2021-07-12T18:21:07 IST">
          <reporter-output>
          </reporter-output>
        </test-method> <!-- teardown -->
      </class> <!-- com.sra.qa.Testcases.Ocrfileuploads -->
    </test> <!-- Nopackage1 -->
    <test name="regression1" duration-ms="91493" started-at="2021-07-12T18:21:08 IST" finished-at="2021-07-12T18:22:39 IST">
      <class name="com.sra.qa.Testcases.Accountantansflow">
        <test-method status="PASS" signature="setup()[pri:0, instance:com.sra.qa.Testcases.Accountantansflow@75f9eccc]" name="setup" is-config="true" duration-ms="3666" started-at="2021-07-12T18:21:08 IST" finished-at="2021-07-12T18:21:12 IST">
          <reporter-output>
          </reporter-output>
        </test-method> <!-- setup -->
        <test-method status="PASS" signature="login()[pri:1, instance:com.sra.qa.Testcases.Accountantansflow@75f9eccc]" name="login" duration-ms="20576" started-at="2021-07-12T18:21:12 IST" finished-at="2021-07-12T18:21:32 IST">
          <reporter-output>
          </reporter-output>
        </test-method> <!-- login -->
        <test-method status="PASS" signature="delegateaccountant()[pri:2, instance:com.sra.qa.Testcases.Accountantansflow@75f9eccc]" name="delegateaccountant" duration-ms="37512" started-at="2021-07-12T18:21:32 IST" finished-at="2021-07-12T18:22:10 IST">
          <reporter-output>
          </reporter-output>
        </test-method> <!-- delegateaccountant -->
        <test-method status="FAIL" signature="answerflow()[pri:3, instance:com.sra.qa.Testcases.Accountantansflow@75f9eccc]" name="answerflow" duration-ms="27905" started-at="2021-07-12T18:22:10 IST" finished-at="2021-07-12T18:22:38 IST">
          <exception class="java.lang.IndexOutOfBoundsException">
            <message>
              <![CDATA[Index: 0, Size: 0]]>
            </message>
            <full-stacktrace>
              <![CDATA[java.lang.IndexOutOfBoundsException: Index: 0, Size: 0
at java.util.ArrayList.rangeCheck(Unknown Source)
at java.util.ArrayList.get(Unknown Source)
at com.sra.qa.Testcases.Accountantansflow.answerflow(Accountantansflow.java:147)
at sun.reflect.NativeMethodAccessorImpl.invoke0(Native Method)
at sun.reflect.NativeMethodAccessorImpl.invoke(Unknown Source)
at sun.reflect.DelegatingMethodAccessorImpl.invoke(Unknown Source)
at java.lang.reflect.Method.invoke(Unknown Source)
at org.testng.internal.MethodInvocationHelper.invokeMethod(MethodInvocationHelper.java:132)
at org.testng.internal.TestInvoker.invokeMethod(TestInvoker.java:599)
at org.testng.internal.TestInvoker.invokeTestMethod(TestInvoker.java:174)
at org.testng.internal.MethodRunner.runInSequence(MethodRunner.java:46)
at org.testng.internal.TestInvoker$MethodInvocationAgent.invoke(TestInvoker.java:822)
at org.testng.internal.TestInvoker.invokeTestMethods(TestInvoker.java:147)
at org.testng.internal.TestMethodWorker.invokeTestMethods(TestMethodWorker.java:146)
at org.testng.internal.TestMethodWorker.run(TestMethodWorker.java:128)
at java.util.ArrayList.forEach(Unknown Source)
at org.testng.TestRunner.privateRun(TestRunner.java:764)
at org.testng.TestRunner.run(TestRunner.java:585)
at org.testng.SuiteRunner.runTest(SuiteRunner.java:384)
at org.testng.SuiteRunner.runSequentially(SuiteRunner.java:378)
at org.testng.SuiteRunner.privateRun(SuiteRunner.java:337)
at org.testng.SuiteRunner.run(SuiteRunner.java:286)
at org.testng.SuiteRunnerWorker.runSuite(SuiteRunnerWorker.java:53)
at org.testng.SuiteRunnerWorker.run(SuiteRunnerWorker.java:96)
at org.testng.TestNG.runSuitesSequentially(TestNG.java:1218)
at org.testng.TestNG.runSuitesLocally(TestNG.java:1140)
at org.testng.TestNG.runSuites(TestNG.java:1069)
at org.testng.TestNG.run(TestNG.java:1037)
at org.testng.remote.AbstractRemoteTestNG.run(AbstractRemoteTestNG.java:115)
at org.testng.remote.RemoteTestNG.initAndRun(RemoteTestNG.java:251)
at org.testng.remote.RemoteTestNG.main(RemoteTestNG.java:77)
]]>
            </full-stacktrace>
          </exception> <!-- java.lang.IndexOutOfBoundsException -->
          <reporter-output>
          </reporter-output>
        </test-method> <!-- answerflow -->
        <test-method status="PASS" signature="teardown()[pri:0, instance:com.sra.qa.Testcases.Accountantansflow@75f9eccc]" name="teardown" is-config="true" duration-ms="805" started-at="2021-07-12T18:22:39 IST" finished-at="2021-07-12T18:22:39 IST">
          <reporter-output>
          </reporter-output>
        </test-method> <!-- teardown -->
      </class> <!-- com.sra.qa.Testcases.Accountantansflow -->
    </test> <!-- regression1 -->
    <test name="regression2" duration-ms="114085" started-at="2021-07-12T18:22:39 IST" finished-at="2021-07-12T18:24:34 IST">
      <class name="com.sra.qa.Testcases.OCRfieldchecking">
        <test-method status="PASS" signature="setup()[pri:0, instance:com.sra.qa.Testcases.OCRfieldchecking@ca263c2]" name="setup" is-config="true" duration-ms="4220" started-at="2021-07-12T18:22:39 IST" finished-at="2021-07-12T18:22:44 IST">
          <reporter-output>
          </reporter-output>
        </test-method> <!-- setup -->
        <test-method status="PASS" signature="login()[pri:1, instance:com.sra.qa.Testcases.OCRfieldchecking@ca263c2]" name="login" duration-ms="15974" started-at="2021-07-12T18:22:44 IST" finished-at="2021-07-12T18:23:00 IST">
          <reporter-output>
          </reporter-output>
        </test-method> <!-- login -->
        <test-method status="PASS" signature="selectadmin()[pri:2, instance:com.sra.qa.Testcases.OCRfieldchecking@ca263c2]" name="selectadmin" duration-ms="57" started-at="2021-07-12T18:23:00 IST" finished-at="2021-07-12T18:23:00 IST">
          <reporter-output>
          </reporter-output>
        </test-method> <!-- selectadmin -->
        <test-method status="PASS" signature="invoiceupload()[pri:3, instance:com.sra.qa.Testcases.OCRfieldchecking@ca263c2]" name="invoiceupload" duration-ms="78374" started-at="2021-07-12T18:23:00 IST" finished-at="2021-07-12T18:24:19 IST">
          <reporter-output>
          </reporter-output>
        </test-method> <!-- invoiceupload -->
        <test-method status="PASS" signature="nextinvoice()[pri:4, instance:com.sra.qa.Testcases.OCRfieldchecking@ca263c2]" name="nextinvoice" duration-ms="14103" started-at="2021-07-12T18:24:19 IST" finished-at="2021-07-12T18:24:33 IST">
          <reporter-output>
          </reporter-output>
        </test-method> <!-- nextinvoice -->
      </class> <!-- com.sra.qa.Testcases.OCRfieldchecking -->
    </test> <!-- regression2 -->
    <test name="Nopackage" duration-ms="131694" started-at="2021-07-12T18:24:34 IST" finished-at="2021-07-12T18:26:45 IST">
      <class name="com.sra.qa.Testcases.cockPitTest">
        <test-method status="PASS" signature="setup()[pri:0, instance:com.sra.qa.Testcases.cockPitTest@482cd91f]" name="setup" is-config="true" duration-ms="3725" started-at="2021-07-12T18:24:34 IST" finished-at="2021-07-12T18:24:37 IST">
          <reporter-output>
          </reporter-output>
        </test-method> <!-- setup -->
        <test-method status="PASS" signature="login()[pri:1, instance:com.sra.qa.Testcases.cockPitTest@482cd91f]" name="login" duration-ms="19656" started-at="2021-07-12T18:24:37 IST" finished-at="2021-07-12T18:24:57 IST">
          <reporter-output>
          </reporter-output>
        </test-method> <!-- login -->
        <test-method status="PASS" signature="selectcompany()[pri:2, instance:com.sra.qa.Testcases.cockPitTest@482cd91f]" name="selectcompany" duration-ms="25724" started-at="2021-07-12T18:24:57 IST" finished-at="2021-07-12T18:25:23 IST">
          <reporter-output>
          </reporter-output>
        </test-method> <!-- selectcompany -->
        <test-method status="PASS" signature="search(java.lang.String, java.lang.String, java.lang.String, java.lang.String, java.lang.String)[pri:3, instance:com.sra.qa.Testcases.cockPitTest@482cd91f]" name="search" duration-ms="10019" started-at="2021-07-12T18:25:24 IST" data-provider="getTestData" finished-at="2021-07-12T18:25:34 IST">
          <params>
            <param index="0">
              <value>
                <![CDATA[Aciric B.V.]]>
              </value>
            </param>
            <param index="1">
              <value>
                <![CDATA[Royal]]>
              </value>
            </param>
            <param index="2">
              <value>
                <![CDATA[20-06-2020]]>
              </value>
            </param>
            <param index="3">
              <value>
                <![CDATA[06-Jan-2021]]>
              </value>
            </param>
            <param index="4">
              <value>
                <![CDATA[Leverancier]]>
              </value>
            </param>
          </params>
          <reporter-output>
          </reporter-output>
        </test-method> <!-- search -->
        <test-method status="PASS" signature="adhoctest()[pri:4, instance:com.sra.qa.Testcases.cockPitTest@482cd91f]" name="adhoctest" duration-ms="7553" started-at="2021-07-12T18:25:34 IST" finished-at="2021-07-12T18:25:42 IST">
          <reporter-output>
          </reporter-output>
        </test-method> <!-- adhoctest -->
        <test-method status="PASS" signature="bankimport()[pri:5, instance:com.sra.qa.Testcases.cockPitTest@482cd91f]" name="bankimport" duration-ms="3210" started-at="2021-07-12T18:25:42 IST" finished-at="2021-07-12T18:25:45 IST">
          <reporter-output>
          </reporter-output>
        </test-method> <!-- bankimport -->
        <test-method status="PASS" signature="transactionstab()[pri:6, instance:com.sra.qa.Testcases.cockPitTest@482cd91f]" name="transactionstab" duration-ms="15051" started-at="2021-07-12T18:25:45 IST" finished-at="2021-07-12T18:26:00 IST">
          <reporter-output>
          </reporter-output>
        </test-method> <!-- transactionstab -->
        <test-method status="FAIL" signature="inwatchinginvoice()[pri:7, instance:com.sra.qa.Testcases.cockPitTest@482cd91f]" name="inwatchinginvoice" duration-ms="25704" started-at="2021-07-12T18:26:01 IST" finished-at="2021-07-12T18:26:26 IST">
          <exception class="org.openqa.selenium.TimeoutException">
            <message>
              <![CDATA[timeout: Timed out receiving message from renderer: 20.000
  (Session info: chrome=91.0.4472.124)
Build info: version: '3.141.59', revision: 'e82be7d358', time: '2018-11-14T08:25:48'
System info: host: 'SARAN', ip: '192.168.0.102', os.name: 'Windows 10', os.arch: 'amd64', os.version: '10.0', java.version: '1.8.0_281'
Driver info: org.openqa.selenium.chrome.ChromeDriver
Capabilities {acceptInsecureCerts: false, browserName: chrome, browserVersion: 91.0.4472.124, chrome: {chromedriverVersion: 90.0.4430.24 (4c6d850f087da..., userDataDir: C:\Users\PRASANT\AppData\Lo...}, goog:chromeOptions: {debuggerAddress: localhost:60988}, javascriptEnabled: true, networkConnectionEnabled: false, pageLoadStrategy: normal, platform: WINDOWS, platformName: WINDOWS, proxy: Proxy(), setWindowRect: true, strictFileInteractability: false, timeouts: {implicit: 0, pageLoad: 300000, script: 30000}, unhandledPromptBehavior: dismiss and notify, webauthn:extension:largeBlob: true, webauthn:virtualAuthenticators: true}
Session ID: 07b12ad11b8adb6200b3107356930bdd]]>
            </message>
            <full-stacktrace>
              <![CDATA[org.openqa.selenium.TimeoutException: timeout: Timed out receiving message from renderer: 20.000
  (Session info: chrome=91.0.4472.124)
Build info: version: '3.141.59', revision: 'e82be7d358', time: '2018-11-14T08:25:48'
System info: host: 'SARAN', ip: '192.168.0.102', os.name: 'Windows 10', os.arch: 'amd64', os.version: '10.0', java.version: '1.8.0_281'
Driver info: org.openqa.selenium.chrome.ChromeDriver
Capabilities {acceptInsecureCerts: false, browserName: chrome, browserVersion: 91.0.4472.124, chrome: {chromedriverVersion: 90.0.4430.24 (4c6d850f087da..., userDataDir: C:\Users\PRASANT\AppData\Lo...}, goog:chromeOptions: {debuggerAddress: localhost:60988}, javascriptEnabled: true, networkConnectionEnabled: false, pageLoadStrategy: normal, platform: WINDOWS, platformName: WINDOWS, proxy: Proxy(), setWindowRect: true, strictFileInteractability: false, timeouts: {implicit: 0, pageLoad: 300000, script: 30000}, unhandledPromptBehavior: dismiss and notify, webauthn:extension:largeBlob: true, webauthn:virtualAuthenticators: true}
Session ID: 07b12ad11b8adb6200b3107356930bdd
at sun.reflect.NativeConstructorAccessorImpl.newInstance0(Native Method)
at sun.reflect.NativeConstructorAccessorImpl.newInstance(Unknown Source)
at sun.reflect.DelegatingConstructorAccessorImpl.newInstance(Unknown Source)
at java.lang.reflect.Constructor.newInstance(Unknown Source)
at org.openqa.selenium.remote.http.W3CHttpResponseCodec.createException(W3CHttpResponseCodec.java:187)
at org.openqa.selenium.remote.http.W3CHttpResponseCodec.decode(W3CHttpResponseCodec.java:122)
at org.openqa.selenium.remote.http.W3CHttpResponseCodec.decode(W3CHttpResponseCodec.java:49)
at org.openqa.selenium.remote.HttpCommandExecutor.execute(HttpCommandExecutor.java:158)
at org.openqa.selenium.remote.service.DriverCommandExecutor.execute(DriverCommandExecutor.java:83)
at org.openqa.selenium.remote.RemoteWebDriver.execute(RemoteWebDriver.java:552)
at org.openqa.selenium.remote.RemoteWebElement.execute(RemoteWebElement.java:285)
at org.openqa.selenium.remote.RemoteWebElement.click(RemoteWebElement.java:84)
at sun.reflect.GeneratedMethodAccessor14.invoke(Unknown Source)
at sun.reflect.DelegatingMethodAccessorImpl.invoke(Unknown Source)
at java.lang.reflect.Method.invoke(Unknown Source)
at org.openqa.selenium.support.events.EventFiringWebDriver$EventFiringWebElement.lambda$new$0(EventFiringWebDriver.java:404)
at com.sun.proxy.$Proxy14.click(Unknown Source)
at org.openqa.selenium.support.events.EventFiringWebDriver$EventFiringWebElement.click(EventFiringWebDriver.java:417)
at sun.reflect.GeneratedMethodAccessor14.invoke(Unknown Source)
at sun.reflect.DelegatingMethodAccessorImpl.invoke(Unknown Source)
at java.lang.reflect.Method.invoke(Unknown Source)
at org.openqa.selenium.support.pagefactory.internal.LocatingElementHandler.invoke(LocatingElementHandler.java:51)
at com.sun.proxy.$Proxy12.click(Unknown Source)
at com.sra.qa.TC.cockPit.inwatchinginvoice(cockPit.java:90)
at com.sra.qa.Testcases.cockPitTest.inwatchinginvoice(cockPitTest.java:146)
at sun.reflect.NativeMethodAccessorImpl.invoke0(Native Method)
at sun.reflect.NativeMethodAccessorImpl.invoke(Unknown Source)
at sun.reflect.DelegatingMethodAccessorImpl.invoke(Unknown Source)
at java.lang.reflect.Method.invoke(Unknown Source)
at org.testng.internal.MethodInvocationHelper.invokeMethod(MethodInvocationHelper.java:132)
at org.testng.internal.TestInvoker.invokeMethod(TestInvoker.java:599)
at org.testng.internal.TestInvoker.invokeTestMethod(TestInvoker.java:174)
at org.testng.internal.MethodRunner.runInSequence(MethodRunner.java:46)
at org.testng.internal.TestInvoker$MethodInvocationAgent.invoke(TestInvoker.java:822)
at org.testng.internal.TestInvoker.invokeTestMethods(TestInvoker.java:147)
at org.testng.internal.TestMethodWorker.invokeTestMethods(TestMethodWorker.java:146)
at org.testng.internal.TestMethodWorker.run(TestMethodWorker.java:128)
at java.util.ArrayList.forEach(Unknown Source)
at org.testng.TestRunner.privateRun(TestRunner.java:764)
at org.testng.TestRunner.run(TestRunner.java:585)
at org.testng.SuiteRunner.runTest(SuiteRunner.java:384)
at org.testng.SuiteRunner.runSequentially(SuiteRunner.java:378)
at org.testng.SuiteRunner.privateRun(SuiteRunner.java:337)
at org.testng.SuiteRunner.run(SuiteRunner.java:286)
at org.testng.SuiteRunnerWorker.runSuite(SuiteRunnerWorker.java:53)
at org.testng.SuiteRunnerWorker.run(SuiteRunnerWorker.java:96)
at org.testng.TestNG.runSuitesSequentially(TestNG.java:1218)
at org.testng.TestNG.runSuitesLocally(TestNG.java:1140)
at org.testng.TestNG.runSuites(TestNG.java:1069)
at org.testng.TestNG.run(TestNG.java:1037)
at org.testng.remote.AbstractRemoteTestNG.run(AbstractRemoteTestNG.java:115)
at org.testng.remote.RemoteTestNG.initAndRun(RemoteTestNG.java:251)
at org.testng.remote.RemoteTestNG.main(RemoteTestNG.java:77)
]]>
            </full-stacktrace>
          </exception> <!-- org.openqa.selenium.TimeoutException -->
          <reporter-output>
          </reporter-output>
        </test-method> <!-- inwatchinginvoice -->
        <test-method status="PASS" signature="deleteinvoice()[pri:8, instance:com.sra.qa.Testcases.cockPitTest@482cd91f]" name="deleteinvoice" duration-ms="18134" started-at="2021-07-12T18:26:27 IST" finished-at="2021-07-12T18:26:45 IST">
          <reporter-output>
          </reporter-output>
        </test-method> <!-- deleteinvoice -->
        <test-method status="PASS" signature="tearDown()[pri:0, instance:com.sra.qa.Testcases.cockPitTest@482cd91f]" name="tearDown" is-config="true" duration-ms="127" started-at="2021-07-12T18:26:45 IST" finished-at="2021-07-12T18:26:45 IST">
          <reporter-output>
          </reporter-output>
        </test-method> <!-- tearDown -->
      </class> <!-- com.sra.qa.Testcases.cockPitTest -->
    </test> <!-- Nopackage -->
    <test name="Nopackage2" duration-ms="231270" started-at="2021-07-12T18:26:46 IST" finished-at="2021-07-12T18:30:37 IST">
      <class name="com.sra.qa.Testcases.processedInvoiceTrans">
        <test-method status="PASS" signature="setup()[pri:0, instance:com.sra.qa.Testcases.processedInvoiceTrans@5d740a0f]" name="setup" is-config="true" duration-ms="3498" started-at="2021-07-12T18:26:46 IST" finished-at="2021-07-12T18:26:49 IST">
          <reporter-output>
          </reporter-output>
        </test-method> <!-- setup -->
        <test-method status="PASS" signature="login()[pri:1, instance:com.sra.qa.Testcases.processedInvoiceTrans@5d740a0f]" name="login" duration-ms="18118" started-at="2021-07-12T18:26:49 IST" finished-at="2021-07-12T18:27:07 IST">
          <reporter-output>
          </reporter-output>
        </test-method> <!-- login -->
        <test-method status="PASS" signature="selectcompany()[pri:2, instance:com.sra.qa.Testcases.processedInvoiceTrans@5d740a0f]" name="selectcompany" duration-ms="11647" started-at="2021-07-12T18:27:07 IST" finished-at="2021-07-12T18:27:19 IST">
          <reporter-output>
          </reporter-output>
        </test-method> <!-- selectcompany -->
        <test-method status="PASS" signature="invoiceupload()[pri:3, instance:com.sra.qa.Testcases.processedInvoiceTrans@5d740a0f]" name="invoiceupload" duration-ms="81979" started-at="2021-07-12T18:27:22 IST" finished-at="2021-07-12T18:28:44 IST">
          <reporter-output>
          </reporter-output>
        </test-method> <!-- invoiceupload -->
        <test-method status="PASS" signature="questionraising()[pri:4, instance:com.sra.qa.Testcases.processedInvoiceTrans@5d740a0f]" name="questionraising" duration-ms="37405" started-at="2021-07-12T18:28:45 IST" finished-at="2021-07-12T18:29:22 IST">
          <reporter-output>
          </reporter-output>
        </test-method> <!-- questionraising -->
        <test-method status="PASS" signature="transactions()[pri:5, instance:com.sra.qa.Testcases.processedInvoiceTrans@5d740a0f]" name="transactions" duration-ms="24603" started-at="2021-07-12T18:29:22 IST" finished-at="2021-07-12T18:29:47 IST">
          <reporter-output>
          </reporter-output>
        </test-method> <!-- transactions -->
        <test-method status="FAIL" signature="editTransaction()[pri:6, instance:com.sra.qa.Testcases.processedInvoiceTrans@5d740a0f]" name="editTransaction" duration-ms="20950" started-at="2021-07-12T18:29:48 IST" finished-at="2021-07-12T18:30:08 IST">
          <exception class="org.openqa.selenium.TimeoutException">
            <message>
              <![CDATA[timeout: Timed out receiving message from renderer: 20.000
  (Session info: chrome=91.0.4472.124)
Build info: version: '3.141.59', revision: 'e82be7d358', time: '2018-11-14T08:25:48'
System info: host: 'SARAN', ip: '192.168.0.102', os.name: 'Windows 10', os.arch: 'amd64', os.version: '10.0', java.version: '1.8.0_281'
Driver info: org.openqa.selenium.chrome.ChromeDriver
Capabilities {acceptInsecureCerts: false, browserName: chrome, browserVersion: 91.0.4472.124, chrome: {chromedriverVersion: 90.0.4430.24 (4c6d850f087da..., userDataDir: C:\Users\PRASANT\AppData\Lo...}, goog:chromeOptions: {debuggerAddress: localhost:65051}, javascriptEnabled: true, networkConnectionEnabled: false, pageLoadStrategy: normal, platform: WINDOWS, platformName: WINDOWS, proxy: Proxy(), setWindowRect: true, strictFileInteractability: false, timeouts: {implicit: 0, pageLoad: 300000, script: 30000}, unhandledPromptBehavior: dismiss and notify, webauthn:extension:largeBlob: true, webauthn:virtualAuthenticators: true}
Session ID: 087d8d9da5e17424413b59639030bdaf]]>
            </message>
            <full-stacktrace>
              <![CDATA[org.openqa.selenium.TimeoutException: timeout: Timed out receiving message from renderer: 20.000
  (Session info: chrome=91.0.4472.124)
Build info: version: '3.141.59', revision: 'e82be7d358', time: '2018-11-14T08:25:48'
System info: host: 'SARAN', ip: '192.168.0.102', os.name: 'Windows 10', os.arch: 'amd64', os.version: '10.0', java.version: '1.8.0_281'
Driver info: org.openqa.selenium.chrome.ChromeDriver
Capabilities {acceptInsecureCerts: false, browserName: chrome, browserVersion: 91.0.4472.124, chrome: {chromedriverVersion: 90.0.4430.24 (4c6d850f087da..., userDataDir: C:\Users\PRASANT\AppData\Lo...}, goog:chromeOptions: {debuggerAddress: localhost:65051}, javascriptEnabled: true, networkConnectionEnabled: false, pageLoadStrategy: normal, platform: WINDOWS, platformName: WINDOWS, proxy: Proxy(), setWindowRect: true, strictFileInteractability: false, timeouts: {implicit: 0, pageLoad: 300000, script: 30000}, unhandledPromptBehavior: dismiss and notify, webauthn:extension:largeBlob: true, webauthn:virtualAuthenticators: true}
Session ID: 087d8d9da5e17424413b59639030bdaf
at sun.reflect.NativeConstructorAccessorImpl.newInstance0(Native Method)
at sun.reflect.NativeConstructorAccessorImpl.newInstance(Unknown Source)
at sun.reflect.DelegatingConstructorAccessorImpl.newInstance(Unknown Source)
at java.lang.reflect.Constructor.newInstance(Unknown Source)
at org.openqa.selenium.remote.http.W3CHttpResponseCodec.createException(W3CHttpResponseCodec.java:187)
at org.openqa.selenium.remote.http.W3CHttpResponseCodec.decode(W3CHttpResponseCodec.java:122)
at org.openqa.selenium.remote.http.W3CHttpResponseCodec.decode(W3CHttpResponseCodec.java:49)
at org.openqa.selenium.remote.HttpCommandExecutor.execute(HttpCommandExecutor.java:158)
at org.openqa.selenium.remote.service.DriverCommandExecutor.execute(DriverCommandExecutor.java:83)
at org.openqa.selenium.remote.RemoteWebDriver.execute(RemoteWebDriver.java:552)
at org.openqa.selenium.remote.RemoteWebElement.execute(RemoteWebElement.java:285)
at org.openqa.selenium.remote.RemoteWebElement.click(RemoteWebElement.java:84)
at sun.reflect.GeneratedMethodAccessor14.invoke(Unknown Source)
at sun.reflect.DelegatingMethodAccessorImpl.invoke(Unknown Source)
at java.lang.reflect.Method.invoke(Unknown Source)
at org.openqa.selenium.support.events.EventFiringWebDriver$EventFiringWebElement.lambda$new$0(EventFiringWebDriver.java:404)
at com.sun.proxy.$Proxy14.click(Unknown Source)
at org.openqa.selenium.support.events.EventFiringWebDriver$EventFiringWebElement.click(EventFiringWebDriver.java:417)
at com.sra.qa.Testcases.processedInvoiceTrans.editTransaction(processedInvoiceTrans.java:324)
at sun.reflect.NativeMethodAccessorImpl.invoke0(Native Method)
at sun.reflect.NativeMethodAccessorImpl.invoke(Unknown Source)
at sun.reflect.DelegatingMethodAccessorImpl.invoke(Unknown Source)
at java.lang.reflect.Method.invoke(Unknown Source)
at org.testng.internal.MethodInvocationHelper.invokeMethod(MethodInvocationHelper.java:132)
at org.testng.internal.TestInvoker.invokeMethod(TestInvoker.java:599)
at org.testng.internal.TestInvoker.invokeTestMethod(TestInvoker.java:174)
at org.testng.internal.MethodRunner.runInSequence(MethodRunner.java:46)
at org.testng.internal.TestInvoker$MethodInvocationAgent.invoke(TestInvoker.java:822)
at org.testng.internal.TestInvoker.invokeTestMethods(TestInvoker.java:147)
at org.testng.internal.TestMethodWorker.invokeTestMethods(TestMethodWorker.java:146)
at org.testng.internal.TestMethodWorker.run(TestMethodWorker.java:128)
at java.util.ArrayList.forEach(Unknown Source)
at org.testng.TestRunner.privateRun(TestRunner.java:764)
at org.testng.TestRunner.run(TestRunner.java:585)
at org.testng.SuiteRunner.runTest(SuiteRunner.java:384)
at org.testng.SuiteRunner.runSequentially(SuiteRunner.java:378)
at org.testng.SuiteRunner.privateRun(SuiteRunner.java:337)
at org.testng.SuiteRunner.run(SuiteRunner.java:286)
at org.testng.SuiteRunnerWorker.runSuite(SuiteRunnerWorker.java:53)
at org.testng.SuiteRunnerWorker.run(SuiteRunnerWorker.java:96)
at org.testng.TestNG.runSuitesSequentially(TestNG.java:1218)
at org.testng.TestNG.runSuitesLocally(TestNG.java:1140)
at org.testng.TestNG.runSuites(TestNG.java:1069)
at org.testng.TestNG.run(TestNG.java:1037)
at org.testng.remote.AbstractRemoteTestNG.run(AbstractRemoteTestNG.java:115)
at org.testng.remote.RemoteTestNG.initAndRun(RemoteTestNG.java:251)
at org.testng.remote.RemoteTestNG.main(RemoteTestNG.java:77)
]]>
            </full-stacktrace>
          </exception> <!-- org.openqa.selenium.TimeoutException -->
          <reporter-output>
          </reporter-output>
        </test-method> <!-- editTransaction -->
        <test-method status="PASS" signature="cocKpitcount()[pri:7, instance:com.sra.qa.Testcases.processedInvoiceTrans@5d740a0f]" name="cocKpitcount" duration-ms="6948" started-at="2021-07-12T18:30:09 IST" finished-at="2021-07-12T18:30:16 IST">
          <reporter-output>
          </reporter-output>
        </test-method> <!-- cocKpitcount -->
        <test-method status="FAIL" signature="deletedInvoice()[pri:8, instance:com.sra.qa.Testcases.processedInvoiceTrans@5d740a0f]" name="deletedInvoice" duration-ms="20100" started-at="2021-07-12T18:30:16 IST" finished-at="2021-07-12T18:30:36 IST">
          <exception class="org.openqa.selenium.TimeoutException">
            <message>
              <![CDATA[timeout: Timed out receiving message from renderer: 20.000
  (Session info: chrome=91.0.4472.124)
Build info: version: '3.141.59', revision: 'e82be7d358', time: '2018-11-14T08:25:48'
System info: host: 'SARAN', ip: '192.168.0.102', os.name: 'Windows 10', os.arch: 'amd64', os.version: '10.0', java.version: '1.8.0_281'
Driver info: org.openqa.selenium.chrome.ChromeDriver
Capabilities {acceptInsecureCerts: false, browserName: chrome, browserVersion: 91.0.4472.124, chrome: {chromedriverVersion: 90.0.4430.24 (4c6d850f087da..., userDataDir: C:\Users\PRASANT\AppData\Lo...}, goog:chromeOptions: {debuggerAddress: localhost:65051}, javascriptEnabled: true, networkConnectionEnabled: false, pageLoadStrategy: normal, platform: WINDOWS, platformName: WINDOWS, proxy: Proxy(), setWindowRect: true, strictFileInteractability: false, timeouts: {implicit: 0, pageLoad: 300000, script: 30000}, unhandledPromptBehavior: dismiss and notify, webauthn:extension:largeBlob: true, webauthn:virtualAuthenticators: true}
Session ID: 087d8d9da5e17424413b59639030bdaf]]>
            </message>
            <full-stacktrace>
              <![CDATA[org.openqa.selenium.TimeoutException: timeout: Timed out receiving message from renderer: 20.000
  (Session info: chrome=91.0.4472.124)
Build info: version: '3.141.59', revision: 'e82be7d358', time: '2018-11-14T08:25:48'
System info: host: 'SARAN', ip: '192.168.0.102', os.name: 'Windows 10', os.arch: 'amd64', os.version: '10.0', java.version: '1.8.0_281'
Driver info: org.openqa.selenium.chrome.ChromeDriver
Capabilities {acceptInsecureCerts: false, browserName: chrome, browserVersion: 91.0.4472.124, chrome: {chromedriverVersion: 90.0.4430.24 (4c6d850f087da..., userDataDir: C:\Users\PRASANT\AppData\Lo...}, goog:chromeOptions: {debuggerAddress: localhost:65051}, javascriptEnabled: true, networkConnectionEnabled: false, pageLoadStrategy: normal, platform: WINDOWS, platformName: WINDOWS, proxy: Proxy(), setWindowRect: true, strictFileInteractability: false, timeouts: {implicit: 0, pageLoad: 300000, script: 30000}, unhandledPromptBehavior: dismiss and notify, webauthn:extension:largeBlob: true, webauthn:virtualAuthenticators: true}
Session ID: 087d8d9da5e17424413b59639030bdaf
at sun.reflect.NativeConstructorAccessorImpl.newInstance0(Native Method)
at sun.reflect.NativeConstructorAccessorImpl.newInstance(Unknown Source)
at sun.reflect.DelegatingConstructorAccessorImpl.newInstance(Unknown Source)
at java.lang.reflect.Constructor.newInstance(Unknown Source)
at org.openqa.selenium.remote.http.W3CHttpResponseCodec.createException(W3CHttpResponseCodec.java:187)
at org.openqa.selenium.remote.http.W3CHttpResponseCodec.decode(W3CHttpResponseCodec.java:122)
at org.openqa.selenium.remote.http.W3CHttpResponseCodec.decode(W3CHttpResponseCodec.java:49)
at org.openqa.selenium.remote.HttpCommandExecutor.execute(HttpCommandExecutor.java:158)
at org.openqa.selenium.remote.service.DriverCommandExecutor.execute(DriverCommandExecutor.java:83)
at org.openqa.selenium.remote.RemoteWebDriver.execute(RemoteWebDriver.java:552)
at org.openqa.selenium.remote.RemoteWebDriver$RemoteTargetLocator.frame(RemoteWebDriver.java:892)
at org.openqa.selenium.remote.RemoteWebDriver$RemoteTargetLocator.frame(RemoteWebDriver.java:887)
at org.openqa.selenium.support.events.EventFiringWebDriver$EventFiringTargetLocator.frame(EventFiringWebDriver.java:702)
at com.sra.qa.Testcases.processedInvoiceTrans.deletedInvoice(processedInvoiceTrans.java:372)
at sun.reflect.NativeMethodAccessorImpl.invoke0(Native Method)
at sun.reflect.NativeMethodAccessorImpl.invoke(Unknown Source)
at sun.reflect.DelegatingMethodAccessorImpl.invoke(Unknown Source)
at java.lang.reflect.Method.invoke(Unknown Source)
at org.testng.internal.MethodInvocationHelper.invokeMethod(MethodInvocationHelper.java:132)
at org.testng.internal.TestInvoker.invokeMethod(TestInvoker.java:599)
at org.testng.internal.TestInvoker.invokeTestMethod(TestInvoker.java:174)
at org.testng.internal.MethodRunner.runInSequence(MethodRunner.java:46)
at org.testng.internal.TestInvoker$MethodInvocationAgent.invoke(TestInvoker.java:822)
at org.testng.internal.TestInvoker.invokeTestMethods(TestInvoker.java:147)
at org.testng.internal.TestMethodWorker.invokeTestMethods(TestMethodWorker.java:146)
at org.testng.internal.TestMethodWorker.run(TestMethodWorker.java:128)
at java.util.ArrayList.forEach(Unknown Source)
at org.testng.TestRunner.privateRun(TestRunner.java:764)
at org.testng.TestRunner.run(TestRunner.java:585)
at org.testng.SuiteRunner.runTest(SuiteRunner.java:384)
at org.testng.SuiteRunner.runSequentially(SuiteRunner.java:378)
at org.testng.SuiteRunner.privateRun(SuiteRunner.java:337)
at org.testng.SuiteRunner.run(SuiteRunner.java:286)
at org.testng.SuiteRunnerWorker.runSuite(SuiteRunnerWorker.java:53)
at org.testng.SuiteRunnerWorker.run(SuiteRunnerWorker.java:96)
at org.testng.TestNG.runSuitesSequentially(TestNG.java:1218)
at org.testng.TestNG.runSuitesLocally(TestNG.java:1140)
at org.testng.TestNG.runSuites(TestNG.java:1069)
at org.testng.TestNG.run(TestNG.java:1037)
at org.testng.remote.AbstractRemoteTestNG.run(AbstractRemoteTestNG.java:115)
at org.testng.remote.RemoteTestNG.initAndRun(RemoteTestNG.java:251)
at org.testng.remote.RemoteTestNG.main(RemoteTestNG.java:77)
]]>
            </full-stacktrace>
          </exception> <!-- org.openqa.selenium.TimeoutException -->
          <reporter-output>
          </reporter-output>
        </test-method> <!-- deletedInvoice -->
      </class> <!-- com.sra.qa.Testcases.processedInvoiceTrans -->
    </test> <!-- Nopackage2 -->
  </suite> <!-- SRA auto -->
</testng-results>
